<?xml version="1.0" encoding="UTF-8"?>
<!-- Generated by org.testng.reporters.JUnitReportReporter -->
<testsuite hostname="DESKTOP-FMKQHNF" failures="0" tests="2" name="org.sdet40.practice.TestNGTest" time="0.008" errors="0" timestamp="2022-09-09T10:44:00 IST" skipped="0">
  <testcase classname="org.sdet40.practice.TestNGTest" name="step1Test" time="0.007"/>
  <system-out>
    <![CDATA[script1]]>
  </system-out>
  <testcase classname="org.sdet40.practice.TestNGTest" name="step2Test" time="0.001"/>
  <system-out>
    <![CDATA[script2]]>
  </system-out>
</testsuite> <!-- org.sdet40.practice.TestNGTest -->
