<?xml version="1.0" encoding="UTF-8"?>
<!-- Generated by org.testng.reporters.JUnitReportReporter -->
<testsuite hostname="DESKTOP-FMKQHNF" failures="0" tests="1" name="org.sdet40.practice.PracticeAbhi" time="11.326" errors="0" timestamp="2022-09-13T18:37:00 IST" skipped="0">
  <testcase classname="org.sdet40.practice.PracticeAbhi" name="Testcase1" time="11.326"/>
  <system-out/>
</testsuite> <!-- org.sdet40.practice.PracticeAbhi -->
