<?xml version="1.0" encoding="UTF-8"?>
<!-- Generated by org.testng.reporters.JUnitReportReporter -->
<testsuite hostname="DESKTOP-FMKQHNF" failures="0" tests="1" name="org.sdet40.practice.PracticeTC2" time="5.850" errors="0" timestamp="2022-09-21T17:01:17 IST" skipped="0">
  <testcase classname="org.sdet40.practice.PracticeTC2" name="Testcase1" time="5.850"/>
  <system-out/>
</testsuite> <!-- org.sdet40.practice.PracticeTC2 -->
