<?xml version="1.0" encoding="UTF-8"?>
<!-- Generated by org.testng.reporters.JUnitReportReporter -->
<testsuite hostname="DESKTOP-FMKQHNF" failures="0" tests="1" name="org.sdet40.practice.PracticeTC2" time="7.630" errors="0" timestamp="2022-09-19T17:25:57 IST" skipped="0">
  <testcase classname="org.sdet40.practice.PracticeTC2" name="Testcase1" time="7.630"/>
  <system-out/>
</testsuite> <!-- org.sdet40.practice.PracticeTC2 -->
