<?xml version="1.0" encoding="UTF-8"?>
<!-- Generated by org.testng.reporters.JUnitReportReporter -->
<testsuite hostname="DESKTOP-FMKQHNF" failures="0" tests="2" name="org.sdet40.practice.testngpractice1" time="0.001" errors="0" timestamp="2022-09-14T15:04:39 IST" skipped="0">
  <testcase classname="org.sdet40.practice.testngpractice1" name="teststep1test1" time="0.000"/>
  <system-out/>
  <testcase classname="org.sdet40.practice.testngpractice1" name="teststep2test2" time="0.001"/>
  <system-out/>
</testsuite> <!-- org.sdet40.practice.testngpractice1 -->
