<?xml version="1.0" encoding="UTF-8"?>
<!-- Generated by org.testng.reporters.JUnitReportReporter -->
<testsuite hostname="DESKTOP-FMKQHNF" failures="0" tests="2" name="org.sdet40.practice.TestNGPracticeTest" time="0.010" errors="0" timestamp="2022-09-11T17:32:52 IST" skipped="0">
  <testcase classname="org.sdet40.practice.TestNGPracticeTest" name="step2Test" time="0.001"/>
  <system-out/>
  <testcase classname="org.sdet40.practice.TestNGPracticeTest" name="step1Test" time="0.009"/>
  <system-out/>
</testsuite> <!-- org.sdet40.practice.TestNGPracticeTest -->
