<?xml version="1.0" encoding="UTF-8"?>
<!-- Generated by org.testng.reporters.JUnitReportReporter -->
<testsuite hostname="DESKTOP-FMKQHNF" failures="0" tests="11" name="org.sdet40.practice.TestNGTest1" time="0.010" errors="0" timestamp="2022-09-14T13:43:23 IST" skipped="0">
  <testcase classname="org.sdet40.practice.TestNGTest1" name="step2Test" time="0.001"/>
  <system-out/>
  <testcase classname="org.sdet40.practice.TestNGTest1" name="step1Test" time="0.001"/>
  <system-out/>
  <testcase classname="org.sdet40.practice.TestNGTest1" name="step1Test" time="0.001"/>
  <system-out/>
  <testcase classname="org.sdet40.practice.TestNGTest1" name="step1Test" time="0.001"/>
  <system-out/>
  <testcase classname="org.sdet40.practice.TestNGTest1" name="step1Test" time="0.001"/>
  <system-out/>
  <testcase classname="org.sdet40.practice.TestNGTest1" name="step1Test" time="0.000"/>
  <system-out/>
  <testcase classname="org.sdet40.practice.TestNGTest1" name="step1Test" time="0.001"/>
  <system-out/>
  <testcase classname="org.sdet40.practice.TestNGTest1" name="step1Test" time="0.002"/>
  <system-out/>
  <testcase classname="org.sdet40.practice.TestNGTest1" name="step1Test" time="0.000"/>
  <system-out/>
  <testcase classname="org.sdet40.practice.TestNGTest1" name="step1Test" time="0.001"/>
  <system-out/>
  <testcase classname="org.sdet40.practice.TestNGTest1" name="step1Test" time="0.001"/>
  <system-out/>
</testsuite> <!-- org.sdet40.practice.TestNGTest1 -->
