<?xml version="1.0" encoding="UTF-8"?>
<!-- Generated by org.testng.reporters.JUnitReportReporter -->
<testsuite hostname="DESKTOP-FMKQHNF" failures="0" tests="1" name="org.sdet40.genericUtility.Base_Class_Abhi" time="0.006" errors="0" timestamp="2022-09-13T13:08:39 IST" skipped="0">
  <testcase classname="org.sdet40.genericUtility.Base_Class_Abhi" name="method9" time="0.006"/>
  <system-out/>
</testsuite> <!-- org.sdet40.genericUtility.Base_Class_Abhi -->
