<?xml version="1.0" encoding="UTF-8"?>
<!-- Generated by org.testng.reporters.JUnitReportReporter -->
<testsuite hostname="DESKTOP-FMKQHNF" failures="0" tests="11" name="org.sdet40.practice.TestNGdTest1" time="0.023" errors="0" timestamp="2022-09-08T17:54:13 IST" skipped="0">
  <testcase classname="org.sdet40.practice.TestNGdTest1" name="step2Test" time="0.009"/>
  <system-out/>
  <testcase classname="org.sdet40.practice.TestNGdTest1" name="step1Test" time="0.001"/>
  <system-out/>
  <testcase classname="org.sdet40.practice.TestNGdTest1" name="step1Test" time="0.001"/>
  <system-out/>
  <testcase classname="org.sdet40.practice.TestNGdTest1" name="step1Test" time="0.003"/>
  <system-out/>
  <testcase classname="org.sdet40.practice.TestNGdTest1" name="step1Test" time="0.001"/>
  <system-out/>
  <testcase classname="org.sdet40.practice.TestNGdTest1" name="step1Test" time="0.001"/>
  <system-out/>
  <testcase classname="org.sdet40.practice.TestNGdTest1" name="step1Test" time="0.002"/>
  <system-out/>
  <testcase classname="org.sdet40.practice.TestNGdTest1" name="step1Test" time="0.001"/>
  <system-out/>
  <testcase classname="org.sdet40.practice.TestNGdTest1" name="step1Test" time="0.002"/>
  <system-out/>
  <testcase classname="org.sdet40.practice.TestNGdTest1" name="step1Test" time="0.001"/>
  <system-out/>
  <testcase classname="org.sdet40.practice.TestNGdTest1" name="step1Test" time="0.001"/>
  <system-out/>
</testsuite> <!-- org.sdet40.practice.TestNGdTest1 -->
