<?xml version="1.0" encoding="UTF-8"?>
<!-- Generated by org.testng.reporters.JUnitReportReporter -->
<testsuite hostname="DESKTOP-FMKQHNF" failures="0" tests="4" name="org.sdet40.practice.BankSendAmountTest" time="0.009" errors="0" timestamp="2022-09-19T14:46:55 IST" skipped="0">
  <testcase classname="org.sdet40.practice.BankSendAmountTest" name="sendAmount" time="0.000"/>
  <system-out/>
  <testcase classname="org.sdet40.practice.BankSendAmountTest" name="sendAmount" time="0.001"/>
  <system-out/>
  <testcase classname="org.sdet40.practice.BankSendAmountTest" name="sendAmount" time="0.007"/>
  <system-out/>
  <testcase classname="org.sdet40.practice.BankSendAmountTest" name="sendAmount" time="0.001"/>
  <system-out/>
</testsuite> <!-- org.sdet40.practice.BankSendAmountTest -->
